<?xml version="1.0" encoding="UTF-8"?>
<!-- Generated by org.testng.reporters.JUnitReportReporter -->
<testsuite hostname="LAPTOP-NCD3VIEV" name="testcases.TC01_InsLogin" tests="1" failures="0" timestamp="19 Oct 2021 15:28:01 GMT" time="28.789" errors="0">
  <testcase name="loginForSuccess" time="28.789" classname="testcases.TC01_InsLogin"/>
</testsuite> <!-- testcases.TC01_InsLogin -->
